building the system configuration...
Using saved setting for 'extra-substituters = https://hyprland.cachix.org https://nix-community.cachix.org' from ~/.local/share/nix/trusted-settings.json.
Using saved setting for 'extra-trusted-public-keys = hyprland.cachix.org-1:a7pgxzMz7+chwVL3/pzj6jIBMioiJM7ypFP8PwtkuGc= nix-community.cachix.org-1:mB9FSh9qf2dCimDSUo8Zy7bkq5CX+/rkCWyvRCYg3Fs=' from ~/.local/share/nix/trusted-settings.json.
these 10 derivations will be built:
  /nix/store/gfhh61hnr2yajiny6nxrbh19nri9h00n-home-manager-path.drv
  /nix/store/y55al34a1wwra9348v308pxa3x4jg8ic-hm_fontconfigconf.d10hmfonts.conf.drv
  /nix/store/mxz5cmr606lchxdvfy58b9d1g2y559hw-home-manager-files.drv
  /nix/store/fkwid9qcwi43q62025bbld529h9rmhv1-home-manager-generation.drv
  /nix/store/j9afvaasplwbhw784jl4hsimc9fqmika-unit-home-manager-syg.service.drv
  /nix/store/jrafwrykf7b6g3bklm8yay5qbfgk762d-system-units.drv
  /nix/store/sfhg2qrfv7xjlxv0c7l120638km8s0vq-user-environment.drv
  /nix/store/kljcjj82jqsgzcr9a3wg4qgg1a0g52hk-etc.drv
  /nix/store/kj56mxfg6ldx6ynd2qrii0kf3kgin0kz-activate.drv
  /nix/store/s9ykajjx13xq7awjxab1sx113b6rvhsz-nixos-system-orion-26.05.20260116.e4bae1b.drv
building '/nix/store/gfhh61hnr2yajiny6nxrbh19nri9h00n-home-manager-path.drv'...
building '/nix/store/y55al34a1wwra9348v308pxa3x4jg8ic-hm_fontconfigconf.d10hmfonts.conf.drv'...
building '/nix/store/sfhg2qrfv7xjlxv0c7l120638km8s0vq-user-environment.drv'...
building '/nix/store/mxz5cmr606lchxdvfy58b9d1g2y559hw-home-manager-files.drv'...
building '/nix/store/fkwid9qcwi43q62025bbld529h9rmhv1-home-manager-generation.drv'...
building '/nix/store/j9afvaasplwbhw784jl4hsimc9fqmika-unit-home-manager-syg.service.drv'...
building '/nix/store/jrafwrykf7b6g3bklm8yay5qbfgk762d-system-units.drv'...
building '/nix/store/kljcjj82jqsgzcr9a3wg4qgg1a0g52hk-etc.drv'...
building '/nix/store/kj56mxfg6ldx6ynd2qrii0kf3kgin0kz-activate.drv'...
building '/nix/store/s9ykajjx13xq7awjxab1sx113b6rvhsz-nixos-system-orion-26.05.20260116.e4bae1b.drv'...
Done. The new configuration is /nix/store/pxqcbvj3a6k55la4fmrnpdfbkkq3ij4l-nixos-system-orion-26.05.20260116.e4bae1b
